{"/Users/paulaherrera/HackReactor/FEC/recommended/database/activitySchema.js": {"path":"/Users/paulaherrera/HackReactor/FEC/recommended/database/activitySchema.js","statementMap":{"0":{"start":{"line":1,"column":17},"end":{"line":1,"column":36}},"1":{"start":{"line":3,"column":0},"end":{"line":3,"column":34}},"2":{"start":{"line":5,"column":23},"end":{"line":13,"column":2}},"3":{"start":{"line":15,"column":17},"end":{"line":15,"column":59}},"4":{"start":{"line":17,"column":0},"end":{"line":17,"column":26}}},"fnMap":{},"branchMap":{},"s":{"0":2,"1":2,"2":2,"3":2,"4":2},"f":{},"b":{},"_coverageSchema":"1a1c01bbd47fc00a2c39e90264f33305004495a9","hash":"a8015a6e29c4b9bec790d9ab58e51650e0d0c33f"}
,"/Users/paulaherrera/HackReactor/FEC/recommended/database/homeSchema.js": {"path":"/Users/paulaherrera/HackReactor/FEC/recommended/database/homeSchema.js","statementMap":{"0":{"start":{"line":2,"column":17},"end":{"line":2,"column":36}},"1":{"start":{"line":3,"column":11},"end":{"line":3,"column":32}},"2":{"start":{"line":5,"column":0},"end":{"line":5,"column":34}},"3":{"start":{"line":7,"column":19},"end":{"line":18,"column":2}},"4":{"start":{"line":20,"column":13},"end":{"line":20,"column":47}},"5":{"start":{"line":22,"column":0},"end":{"line":22,"column":22}}},"fnMap":{},"branchMap":{},"s":{"0":2,"1":2,"2":2,"3":2,"4":2,"5":2},"f":{},"b":{},"_coverageSchema":"1a1c01bbd47fc00a2c39e90264f33305004495a9","hash":"aa5cc241df0e072fdd347452095778819b42ca48"}
,"/Users/paulaherrera/HackReactor/FEC/recommended/database/index.js": {"path":"/Users/paulaherrera/HackReactor/FEC/recommended/database/index.js","statementMap":{"0":{"start":{"line":2,"column":17},"end":{"line":2,"column":36}},"1":{"start":{"line":4,"column":0},"end":{"line":4,"column":34}},"2":{"start":{"line":6,"column":17},"end":{"line":6,"column":45}},"3":{"start":{"line":8,"column":11},"end":{"line":10,"column":61}},"4":{"start":{"line":9,"column":14},"end":{"line":9,"column":47}},"5":{"start":{"line":10,"column":18},"end":{"line":10,"column":60}},"6":{"start":{"line":12,"column":0},"end":{"line":12,"column":20}}},"fnMap":{"0":{"name":"(anonymous_0)","decl":{"start":{"line":9,"column":8},"end":{"line":9,"column":9}},"loc":{"start":{"line":9,"column":14},"end":{"line":9,"column":47}},"line":9},"1":{"name":"(anonymous_1)","decl":{"start":{"line":10,"column":9},"end":{"line":10,"column":10}},"loc":{"start":{"line":10,"column":18},"end":{"line":10,"column":60}},"line":10}},"branchMap":{},"s":{"0":2,"1":2,"2":2,"3":2,"4":2,"5":0,"6":2},"f":{"0":2,"1":0},"b":{},"_coverageSchema":"1a1c01bbd47fc00a2c39e90264f33305004495a9","hash":"064820cf05fc2d07e3353e3222b42bf5bc5d5fd2"}
,"/Users/paulaherrera/HackReactor/FEC/recommended/server/app.js": {"path":"/Users/paulaherrera/HackReactor/FEC/recommended/server/app.js","statementMap":{"0":{"start":{"line":3,"column":19},"end":{"line":3,"column":41}},"1":{"start":{"line":4,"column":13},"end":{"line":4,"column":49}},"2":{"start":{"line":5,"column":17},"end":{"line":5,"column":57}},"3":{"start":{"line":7,"column":12},"end":{"line":7,"column":21}},"4":{"start":{"line":8,"column":0},"end":{"line":8,"column":32}},"5":{"start":{"line":9,"column":0},"end":{"line":9,"column":27}},"6":{"start":{"line":10,"column":0},"end":{"line":10,"column":51}},"7":{"start":{"line":12,"column":0},"end":{"line":26,"column":3}},"8":{"start":{"line":13,"column":2},"end":{"line":25,"column":7}},"9":{"start":{"line":15,"column":6},"end":{"line":21,"column":11}},"10":{"start":{"line":17,"column":10},"end":{"line":17,"column":38}},"11":{"start":{"line":20,"column":10},"end":{"line":20,"column":36}},"12":{"start":{"line":24,"column":6},"end":{"line":24,"column":32}},"13":{"start":{"line":28,"column":0},"end":{"line":42,"column":3}},"14":{"start":{"line":29,"column":2},"end":{"line":41,"column":7}},"15":{"start":{"line":31,"column":6},"end":{"line":37,"column":11}},"16":{"start":{"line":33,"column":10},"end":{"line":33,"column":43}},"17":{"start":{"line":36,"column":10},"end":{"line":36,"column":36}},"18":{"start":{"line":40,"column":6},"end":{"line":40,"column":32}},"19":{"start":{"line":44,"column":0},"end":{"line":44,"column":21}}},"fnMap":{"0":{"name":"(anonymous_0)","decl":{"start":{"line":12,"column":22},"end":{"line":12,"column":23}},"loc":{"start":{"line":12,"column":36},"end":{"line":26,"column":1}},"line":12},"1":{"name":"(anonymous_1)","decl":{"start":{"line":14,"column":10},"end":{"line":14,"column":11}},"loc":{"start":{"line":14,"column":20},"end":{"line":22,"column":5}},"line":14},"2":{"name":"(anonymous_2)","decl":{"start":{"line":16,"column":14},"end":{"line":16,"column":15}},"loc":{"start":{"line":16,"column":25},"end":{"line":18,"column":9}},"line":16},"3":{"name":"(anonymous_3)","decl":{"start":{"line":19,"column":15},"end":{"line":19,"column":16}},"loc":{"start":{"line":19,"column":24},"end":{"line":21,"column":9}},"line":19},"4":{"name":"(anonymous_4)","decl":{"start":{"line":23,"column":11},"end":{"line":23,"column":12}},"loc":{"start":{"line":23,"column":20},"end":{"line":25,"column":5}},"line":23},"5":{"name":"(anonymous_5)","decl":{"start":{"line":28,"column":27},"end":{"line":28,"column":28}},"loc":{"start":{"line":28,"column":41},"end":{"line":42,"column":1}},"line":28},"6":{"name":"(anonymous_6)","decl":{"start":{"line":30,"column":10},"end":{"line":30,"column":11}},"loc":{"start":{"line":30,"column":20},"end":{"line":38,"column":5}},"line":30},"7":{"name":"(anonymous_7)","decl":{"start":{"line":32,"column":14},"end":{"line":32,"column":15}},"loc":{"start":{"line":32,"column":30},"end":{"line":34,"column":9}},"line":32},"8":{"name":"(anonymous_8)","decl":{"start":{"line":35,"column":15},"end":{"line":35,"column":16}},"loc":{"start":{"line":35,"column":24},"end":{"line":37,"column":9}},"line":35},"9":{"name":"(anonymous_9)","decl":{"start":{"line":39,"column":11},"end":{"line":39,"column":12}},"loc":{"start":{"line":39,"column":20},"end":{"line":41,"column":5}},"line":39}},"branchMap":{},"s":{"0":1,"1":1,"2":1,"3":1,"4":1,"5":1,"6":1,"7":1,"8":3,"9":2,"10":2,"11":0,"12":1,"13":1,"14":3,"15":2,"16":2,"17":0,"18":1,"19":1},"f":{"0":3,"1":2,"2":2,"3":0,"4":1,"5":3,"6":2,"7":2,"8":0,"9":1},"b":{},"_coverageSchema":"1a1c01bbd47fc00a2c39e90264f33305004495a9","hash":"fec5be3d52e3e98cbc986cf34aa7310ad6b22db0"}
,"/Users/paulaherrera/HackReactor/FEC/recommended/src/components/ActivityListing.jsx": {"path":"/Users/paulaherrera/HackReactor/FEC/recommended/src/components/ActivityListing.jsx","statementMap":{"0":{"start":{"line":10,"column":18},"end":{"line":17,"column":2}},"1":{"start":{"line":19,"column":24},"end":{"line":51,"column":1}},"2":{"start":{"line":20,"column":18},"end":{"line":20,"column":29}},"3":{"start":{"line":22,"column":2},"end":{"line":50,"column":4}}},"fnMap":{"0":{"name":"(anonymous_0)","decl":{"start":{"line":19,"column":24},"end":{"line":19,"column":25}},"loc":{"start":{"line":19,"column":42},"end":{"line":51,"column":1}},"line":19}},"branchMap":{},"s":{"0":1,"1":1,"2":1,"3":1},"f":{"0":1},"b":{},"_coverageSchema":"1a1c01bbd47fc00a2c39e90264f33305004495a9","hash":"dd032222c2cd4db18a63b16f3808573091329287"}
,"/Users/paulaherrera/HackReactor/FEC/recommended/src/components/App.jsx": {"path":"/Users/paulaherrera/HackReactor/FEC/recommended/src/components/App.jsx","statementMap":{"0":{"start":{"line":10,"column":18},"end":{"line":16,"column":1}},"1":{"start":{"line":20,"column":4},"end":{"line":20,"column":12}},"2":{"start":{"line":21,"column":4},"end":{"line":25,"column":6}},"3":{"start":{"line":29,"column":4},"end":{"line":35,"column":9}},"4":{"start":{"line":31,"column":25},"end":{"line":31,"column":48}},"5":{"start":{"line":32,"column":8},"end":{"line":34,"column":11}},"6":{"start":{"line":36,"column":4},"end":{"line":42,"column":9}},"7":{"start":{"line":38,"column":31},"end":{"line":38,"column":59}},"8":{"start":{"line":39,"column":8},"end":{"line":41,"column":11}},"9":{"start":{"line":46,"column":48},"end":{"line":46,"column":58}},"10":{"start":{"line":47,"column":4},"end":{"line":61,"column":6}}},"fnMap":{"0":{"name":"(anonymous_0)","decl":{"start":{"line":19,"column":2},"end":{"line":19,"column":3}},"loc":{"start":{"line":19,"column":16},"end":{"line":26,"column":3}},"line":19},"1":{"name":"(anonymous_1)","decl":{"start":{"line":28,"column":2},"end":{"line":28,"column":3}},"loc":{"start":{"line":28,"column":22},"end":{"line":43,"column":3}},"line":28},"2":{"name":"(anonymous_2)","decl":{"start":{"line":30,"column":12},"end":{"line":30,"column":13}},"loc":{"start":{"line":30,"column":23},"end":{"line":35,"column":7}},"line":30},"3":{"name":"(anonymous_3)","decl":{"start":{"line":37,"column":12},"end":{"line":37,"column":13}},"loc":{"start":{"line":37,"column":28},"end":{"line":42,"column":7}},"line":37},"4":{"name":"(anonymous_4)","decl":{"start":{"line":45,"column":2},"end":{"line":45,"column":3}},"loc":{"start":{"line":45,"column":11},"end":{"line":62,"column":3}},"line":45}},"branchMap":{},"s":{"0":1,"1":2,"2":2,"3":2,"4":0,"5":0,"6":2,"7":0,"8":0,"9":2,"10":2},"f":{"0":2,"1":2,"2":0,"3":0,"4":2},"b":{},"_coverageSchema":"1a1c01bbd47fc00a2c39e90264f33305004495a9","hash":"594f0ece0f0233a3f84593e2163fccf0d25bdd52"}
,"/Users/paulaherrera/HackReactor/FEC/recommended/src/components/ExploreOtherOptions.jsx": {"path":"/Users/paulaherrera/HackReactor/FEC/recommended/src/components/ExploreOtherOptions.jsx","statementMap":{"0":{"start":{"line":5,"column":16},"end":{"line":8,"column":1}},"1":{"start":{"line":10,"column":14},"end":{"line":14,"column":1}},"2":{"start":{"line":16,"column":21},"end":{"line":20,"column":1}},"3":{"start":{"line":22,"column":28},"end":{"line":64,"column":1}},"4":{"start":{"line":23,"column":2},"end":{"line":63,"column":8}}},"fnMap":{"0":{"name":"(anonymous_0)","decl":{"start":{"line":22,"column":28},"end":{"line":22,"column":29}},"loc":{"start":{"line":23,"column":2},"end":{"line":63,"column":8}},"line":23}},"branchMap":{},"s":{"0":1,"1":1,"2":1,"3":1,"4":1},"f":{"0":1},"b":{},"_coverageSchema":"1a1c01bbd47fc00a2c39e90264f33305004495a9","hash":"8652d94de2180313b1bd0196dbb3e08cac4af9e7"}
,"/Users/paulaherrera/HackReactor/FEC/recommended/src/components/HomeListing.jsx": {"path":"/Users/paulaherrera/HackReactor/FEC/recommended/src/components/HomeListing.jsx","statementMap":{"0":{"start":{"line":10,"column":18},"end":{"line":17,"column":2}},"1":{"start":{"line":19,"column":20},"end":{"line":60,"column":1}},"2":{"start":{"line":20,"column":18},"end":{"line":20,"column":29}},"3":{"start":{"line":22,"column":2},"end":{"line":59,"column":4}}},"fnMap":{"0":{"name":"(anonymous_0)","decl":{"start":{"line":19,"column":20},"end":{"line":19,"column":21}},"loc":{"start":{"line":19,"column":34},"end":{"line":60,"column":1}},"line":19}},"branchMap":{},"s":{"0":1,"1":1,"2":1,"3":1},"f":{"0":1},"b":{},"_coverageSchema":"1a1c01bbd47fc00a2c39e90264f33305004495a9","hash":"655cdc32e7a725efdddef1114fbde9c41cac9ec7"}
,"/Users/paulaherrera/HackReactor/FEC/recommended/src/components/PlacesToStay.jsx": {"path":"/Users/paulaherrera/HackReactor/FEC/recommended/src/components/PlacesToStay.jsx","statementMap":{"0":{"start":{"line":7,"column":14},"end":{"line":13,"column":1}},"1":{"start":{"line":15,"column":16},"end":{"line":35,"column":1}},"2":{"start":{"line":37,"column":26},"end":{"line":42,"column":1}},"3":{"start":{"line":44,"column":13},"end":{"line":44,"column":16}},"4":{"start":{"line":45,"column":13},"end":{"line":45,"column":16}},"5":{"start":{"line":49,"column":4},"end":{"line":49,"column":17}},"6":{"start":{"line":50,"column":4},"end":{"line":50,"column":20}},"7":{"start":{"line":54,"column":22},"end":{"line":54,"column":32}},"8":{"start":{"line":55,"column":4},"end":{"line":83,"column":6}},"9":{"start":{"line":63,"column":62},"end":{"line":63,"column":87}},"10":{"start":{"line":64,"column":62},"end":{"line":64,"column":87}},"11":{"start":{"line":67,"column":28},"end":{"line":67,"column":48}},"12":{"start":{"line":75,"column":14},"end":{"line":78,"column":16}}},"fnMap":{"0":{"name":"(anonymous_0)","decl":{"start":{"line":48,"column":2},"end":{"line":48,"column":3}},"loc":{"start":{"line":48,"column":21},"end":{"line":51,"column":3}},"line":48},"1":{"name":"(anonymous_1)","decl":{"start":{"line":53,"column":2},"end":{"line":53,"column":3}},"loc":{"start":{"line":53,"column":11},"end":{"line":84,"column":3}},"line":53},"2":{"name":"(anonymous_2)","decl":{"start":{"line":63,"column":56},"end":{"line":63,"column":57}},"loc":{"start":{"line":63,"column":62},"end":{"line":63,"column":87}},"line":63},"3":{"name":"(anonymous_3)","decl":{"start":{"line":64,"column":56},"end":{"line":64,"column":57}},"loc":{"start":{"line":64,"column":62},"end":{"line":64,"column":87}},"line":64},"4":{"name":"(anonymous_4)","decl":{"start":{"line":67,"column":17},"end":{"line":67,"column":18}},"loc":{"start":{"line":67,"column":26},"end":{"line":67,"column":50}},"line":67},"5":{"name":"(anonymous_5)","decl":{"start":{"line":74,"column":23},"end":{"line":74,"column":24}},"loc":{"start":{"line":75,"column":14},"end":{"line":78,"column":16}},"line":75}},"branchMap":{},"s":{"0":1,"1":1,"2":1,"3":1,"4":1,"5":1,"6":1,"7":1,"8":1,"9":0,"10":0,"11":0,"12":0},"f":{"0":1,"1":1,"2":0,"3":0,"4":0,"5":0},"b":{},"_coverageSchema":"1a1c01bbd47fc00a2c39e90264f33305004495a9","hash":"ba4a63fe4ee930330132d3bd7f158725c92b3cea"}
,"/Users/paulaherrera/HackReactor/FEC/recommended/src/components/ThingsToDo.jsx": {"path":"/Users/paulaherrera/HackReactor/FEC/recommended/src/components/ThingsToDo.jsx","statementMap":{"0":{"start":{"line":7,"column":14},"end":{"line":13,"column":1}},"1":{"start":{"line":15,"column":16},"end":{"line":35,"column":1}},"2":{"start":{"line":37,"column":26},"end":{"line":42,"column":1}},"3":{"start":{"line":44,"column":13},"end":{"line":44,"column":16}},"4":{"start":{"line":45,"column":13},"end":{"line":45,"column":16}},"5":{"start":{"line":49,"column":4},"end":{"line":49,"column":17}},"6":{"start":{"line":50,"column":4},"end":{"line":50,"column":20}},"7":{"start":{"line":54,"column":27},"end":{"line":54,"column":37}},"8":{"start":{"line":55,"column":4},"end":{"line":82,"column":6}},"9":{"start":{"line":60,"column":69},"end":{"line":60,"column":94}},"10":{"start":{"line":61,"column":69},"end":{"line":61,"column":94}},"11":{"start":{"line":66,"column":28},"end":{"line":66,"column":48}},"12":{"start":{"line":74,"column":14},"end":{"line":77,"column":16}}},"fnMap":{"0":{"name":"(anonymous_0)","decl":{"start":{"line":48,"column":2},"end":{"line":48,"column":3}},"loc":{"start":{"line":48,"column":21},"end":{"line":51,"column":3}},"line":48},"1":{"name":"(anonymous_1)","decl":{"start":{"line":53,"column":2},"end":{"line":53,"column":3}},"loc":{"start":{"line":53,"column":11},"end":{"line":83,"column":3}},"line":53},"2":{"name":"(anonymous_2)","decl":{"start":{"line":60,"column":63},"end":{"line":60,"column":64}},"loc":{"start":{"line":60,"column":69},"end":{"line":60,"column":94}},"line":60},"3":{"name":"(anonymous_3)","decl":{"start":{"line":61,"column":63},"end":{"line":61,"column":64}},"loc":{"start":{"line":61,"column":69},"end":{"line":61,"column":94}},"line":61},"4":{"name":"(anonymous_4)","decl":{"start":{"line":66,"column":17},"end":{"line":66,"column":18}},"loc":{"start":{"line":66,"column":26},"end":{"line":66,"column":50}},"line":66},"5":{"name":"(anonymous_5)","decl":{"start":{"line":73,"column":28},"end":{"line":73,"column":29}},"loc":{"start":{"line":74,"column":14},"end":{"line":77,"column":16}},"line":74}},"branchMap":{},"s":{"0":1,"1":1,"2":1,"3":1,"4":1,"5":1,"6":1,"7":1,"8":1,"9":0,"10":0,"11":0,"12":0},"f":{"0":1,"1":1,"2":0,"3":0,"4":0,"5":0},"b":{},"_coverageSchema":"1a1c01bbd47fc00a2c39e90264f33305004495a9","hash":"963c8e28dceebe62d28dcd51197cafc01545cbc2"}
,"/Users/paulaherrera/HackReactor/FEC/recommended/src/components/sampleActivities.js": {"path":"/Users/paulaherrera/HackReactor/FEC/recommended/src/components/sampleActivities.js","statementMap":{"0":{"start":{"line":1,"column":25},"end":{"line":134,"column":1}}},"fnMap":{},"branchMap":{},"s":{"0":1},"f":{},"b":{},"_coverageSchema":"1a1c01bbd47fc00a2c39e90264f33305004495a9","hash":"1275c2a2d3b22ec6c6c1dcb759a91cb3b1b3967c"}
,"/Users/paulaherrera/HackReactor/FEC/recommended/src/components/sampleHomes.js": {"path":"/Users/paulaherrera/HackReactor/FEC/recommended/src/components/sampleHomes.js","statementMap":{"0":{"start":{"line":1,"column":20},"end":{"line":314,"column":1}}},"fnMap":{},"branchMap":{},"s":{"0":1},"f":{},"b":{},"_coverageSchema":"1a1c01bbd47fc00a2c39e90264f33305004495a9","hash":"0084c92a06505a65d5ec4afdb22f85ea4a77bb38"}
}
